

Microchip MPLAB XC8 Assembler V2.10 build 88905656 
                                                                                               Mon Feb 17 20:08:37 2020

Microchip MPLAB XC8 C Compiler v2.10 (Free license) build 20190730164152 Og1 
     1                           	processor	18F4620
     2                           	fnconf	rparam,??,?,0
     3                           	opt	pw 120
     4                           	opt	flic
     5                           	psect	nvCOMRAM,global,class=COMRAM,space=1,delta=1,noexec
     6                           	psect	cinit,global,reloc=2,class=CODE,delta=1
     7                           	psect	bssCOMRAM,global,class=COMRAM,space=1,delta=1,noexec
     8                           	psect	cstackCOMRAM,global,class=COMRAM,space=1,delta=1,noexec
     9                           	psect	text0,global,reloc=2,class=CODE,delta=1
    10                           	psect	text1,global,reloc=2,class=CODE,delta=1
    11                           	psect	text2,global,reloc=2,class=CODE,delta=1
    12                           	psect	text3,global,reloc=2,class=CODE,delta=1
    13                           	psect	text4,global,reloc=2,class=CODE,delta=1
    14                           	psect	intcode,global,reloc=2,class=CODE,delta=1
    15                           	psect	intcode_body,global,reloc=2,class=CODE,delta=1
    16                           	psect	text6,global,reloc=2,class=CODE,delta=1,group=1
    17                           	psect	intsave_regs,global,class=BIGRAM,space=1,delta=1,noexec
    18                           	psect	rparam,global,class=COMRAM,space=1,delta=1,noexec
    19                           	psect	temp,global,ovrld,common,class=COMRAM,space=1,delta=1
    20  0000                     
    21                           ; Version 2.10
    22                           ; Generated 31/07/2019 GMT
    23                           ; 
    24                           ; Copyright © 2019, Microchip Technology Inc. and its subsidiaries ("Microchip")
    25                           ; All rights reserved.
    26                           ; 
    27                           ; This software is developed by Microchip Technology Inc. and its subsidiaries ("Microch
      +                          ip").
    28                           ; 
    29                           ; Redistribution and use in source and binary forms, with or without modification, are
    30                           ; permitted provided that the following conditions are met:
    31                           ; 
    32                           ;     1. Redistributions of source code must retain the above copyright notice, this lis
      +                          t of
    33                           ;        conditions and the following disclaimer.
    34                           ; 
    35                           ;     2. Redistributions in binary form must reproduce the above copyright notice, this 
      +                          list
    36                           ;        of conditions and the following disclaimer in the documentation and/or other
    37                           ;        materials provided with the distribution.
    38                           ; 
    39                           ;     3. Microchip's name may not be used to endorse or promote products derived from th
      +                          is
    40                           ;        software without specific prior written permission.
    41                           ; 
    42                           ; THIS SOFTWARE IS PROVIDED BY MICROCHIP "AS IS" AND ANY EXPRESS OR IMPLIED WARRANTIES,
    43                           ; INCLUDING, BUT NOT LIMITED TO, THE IMPLIED WARRANTIES OF MERCHANTABILITY AND FITNESS F
      +                          OR
    44                           ; PURPOSE ARE DISCLAIMED.  IN NO EVENT SHALL MICROCHIP BE LIABLE FOR ANY DIRECT, INDIREC
      +                          T,
    45                           ; INCIDENTAL, SPECIAL, EXEMPLARY, OR CONSEQUENTIAL DAMAGES (INCLUDING BUT NOT LIMITED TO
    46                           ; PROCUREMENT OF SUBSTITUTE GOODS OR SERVICES; LOSS OF USE, DATA OR PROFITS; OR BUSINESS
    47                           ; INTERRUPTION) HOWSOEVER CAUSED AND ON ANY THEORY OF LIABILITY, WHETHER IN CONTRACT, ST
      +                          RICT
    48                           ; LIABILITY, OR TORT (INCLUDING NEGLIGENCE OR OTHERWISE) ARISING IN ANY WAY OUT OF THE U
      +                          SE OF
    49                           ; THIS SOFTWARE, EVEN IF ADVISED OF THE POSSIBILITY OF SUCH DAMAGE.
    50                           ; 
    51                           ; 
    52                           ; Code-generator required, PIC18F4620 Definitions
    53                           ; 
    54                           ; SFR Addresses
    55  0000                     
    56                           	psect	nvCOMRAM
    57  000027                     __pnvCOMRAM:
    58                           	opt callstack 0
    59  000027                     _pwm_manual:
    60                           	opt callstack 0
    61  000027                     	ds	1
    62  0000                     _TMR0	set	4054
    63  0000                     _PORTCbits	set	3970
    64  0000                     _RCREG	set	4014
    65  0000                     _TXREG	set	4013
    66  0000                     _SPBRG	set	4015
    67  0000                     _TRISDbits	set	3989
    68  0000                     _TRISCbits	set	3988
    69  0000                     _TRISB	set	3987
    70  0000                     _CMCON	set	4020
    71  0000                     _ADCON1	set	4033
    72  0000                     _PORTDbits	set	3971
    73  0000                     _TMR0IF	set	32658
    74  0000                     _RCIF	set	31989
    75  0000                     _TXIF	set	31988
    76  0000                     _TXEN	set	32101
    77  0000                     _CREN	set	32092
    78  0000                     _TRISC6	set	31910
    79  0000                     _TRISC7	set	31911
    80  0000                     _SPEN	set	32095
    81  0000                     _SYNC	set	32100
    82  0000                     _BRGH	set	32098
    83  0000                     _GIE	set	32663
    84  0000                     _PEIE	set	32662
    85  0000                     _TMR0IE	set	32661
    86  0000                     _T0PS2	set	32426
    87  0000                     _T0PS1	set	32425
    88  0000                     _T0PS0	set	32424
    89  0000                     _PSA	set	32427
    90  0000                     _T0CS	set	32429
    91  0000                     _nRBPU	set	32655
    92                           
    93                           ; #config settings
    94  0000                     
    95                           	psect	cinit
    96  00023C                     __pcinit:
    97                           	opt callstack 0
    98  00023C                     start_initialization:
    99                           	opt callstack 0
   100  00023C                     __initialization:
   101                           	opt callstack 0
   102                           
   103                           ; Clear objects allocated to COMRAM (5 bytes)
   104  00023C  6A26               	clrf	(__pbssCOMRAM+4)& (0+255),c
   105  00023E  6A25               	clrf	(__pbssCOMRAM+3)& (0+255),c
   106  000240  6A24               	clrf	(__pbssCOMRAM+2)& (0+255),c
   107  000242  6A23               	clrf	(__pbssCOMRAM+1)& (0+255),c
   108  000244  6A22               	clrf	__pbssCOMRAM& (0+255),c
   109  000246                     end_of_initialization:
   110                           	opt callstack 0
   111  000246                     __end_of__initialization:
   112                           	opt callstack 0
   113  000246  9028               	bcf	int$flags,0,c	;clear compiler interrupt flag (level 1)
   114  000248  9228               	bcf	int$flags,1,c	;clear compiler interrupt flag (level 2)
   115  00024A  0100               	movlb	0
   116  00024C  EFD5  F000         	goto	_main	;jump to C main() function
   117                           
   118                           	psect	bssCOMRAM
   119  000022                     __pbssCOMRAM:
   120                           	opt callstack 0
   121  000022                     _tickCounter:
   122                           	opt callstack 0
   123  000022                     	ds	4
   124  000026                     _pwm_aux:
   125                           	opt callstack 0
   126  000026                     	ds	1
   127                           
   128                           	psect	cstackCOMRAM
   129  000001                     __pcstackCOMRAM:
   130                           	opt callstack 0
   131  000001                     ?___llmod:
   132                           	opt callstack 0
   133  000001                     ___llmod@dividend:
   134                           	opt callstack 0
   135                           
   136                           ; 4 bytes @ 0x0
   137  000001                     	ds	4
   138  000005                     ___llmod@divisor:
   139                           	opt callstack 0
   140                           
   141                           ; 4 bytes @ 0x4
   142  000005                     	ds	4
   143  000009                     ___llmod@counter:
   144                           	opt callstack 0
   145                           
   146                           ; 1 bytes @ 0x8
   147  000009                     	ds	1
   148  00000A                     ??_isr:
   149                           
   150                           ; 1 bytes @ 0x9
   151  00000A                     	ds	1
   152  00000B                     ?_tickRead:
   153                           	opt callstack 0
   154                           
   155                           ; 4 bytes @ 0xA
   156  00000B                     	ds	4
   157  00000F                     tickRead@aux:
   158                           	opt callstack 0
   159                           
   160                           ; 4 bytes @ 0xE
   161  00000F                     	ds	4
   162  000013                     myDelayms@cant_ms:
   163                           	opt callstack 0
   164                           
   165                           ; 2 bytes @ 0x12
   166  000013                     	ds	2
   167  000015                     ??_myDelayms:
   168                           
   169                           ; 1 bytes @ 0x14
   170  000015                     	ds	8
   171  00001D                     myDelayms@tinicio:
   172                           	opt callstack 0
   173                           
   174                           ; 4 bytes @ 0x1C
   175  00001D                     	ds	4
   176  000021                     ??_main:
   177                           
   178                           ; 1 bytes @ 0x20
   179  000021                     	ds	1
   180                           
   181 ;;
   182 ;;Main: autosize = 0, tempsize = 1, incstack = 0, save=0
   183 ;;
   184 ;; *************** function _main *****************
   185 ;; Defined at:
   186 ;;		line 35 in file "main.c"
   187 ;; Parameters:    Size  Location     Type
   188 ;;		None
   189 ;; Auto vars:     Size  Location     Type
   190 ;;		None
   191 ;; Return value:  Size  Location     Type
   192 ;;                  1    wreg      void 
   193 ;; Registers used:
   194 ;;		wreg, status,2, status,0, cstack
   195 ;; Tracked objects:
   196 ;;		On entry : 0/0
   197 ;;		On exit  : 0/0
   198 ;;		Unchanged: 0/0
   199 ;; Data sizes:     COMRAM   BANK0   BANK1   BANK2   BANK3   BANK4   BANK5   BANK6   BANK7   BANK8   BANK9  BANK10  BANK1
      +1  BANK12  BANK13  BANK14  BANK15
   200 ;;      Params:         0       0       0       0       0       0       0       0       0       0       0       0       
      +0       0       0       0       0
   201 ;;      Locals:         0       0       0       0       0       0       0       0       0       0       0       0       
      +0       0       0       0       0
   202 ;;      Temps:          1       0       0       0       0       0       0       0       0       0       0       0       
      +0       0       0       0       0
   203 ;;      Totals:         1       0       0       0       0       0       0       0       0       0       0       0       
      +0       0       0       0       0
   204 ;;Total ram usage:        1 bytes
   205 ;; Hardware stack levels required when called:    4
   206 ;; This function calls:
   207 ;;		_InitApp
   208 ;;		_myDelayms
   209 ;; This function is called by:
   210 ;;		Startup code after reset
   211 ;; This function uses a non-reentrant model
   212 ;;
   213                           
   214                           	psect	text0
   215  0001AA                     __ptext0:
   216                           	opt callstack 0
   217  0001AA                     _main:
   218                           	opt callstack 27
   219  0001AA                     
   220                           ;main.c: 36:     InitApp();
   221  0001AA  ECF4  F000         	call	_InitApp	;wreg free
   222  0001AE                     
   223                           ;main.c: 37:     pwm_manual=1;
   224  0001AE  0E01               	movlw	1
   225  0001B0  6E27               	movwf	_pwm_manual^0,c	;volatile
   226  0001B2                     l1024:
   227                           
   228                           ;main.c: 40:       myDelayms(4);
   229  0001B2  0E00               	movlw	0
   230  0001B4  6E14               	movwf	(myDelayms@cant_ms+1)^0,c
   231  0001B6  0E04               	movlw	4
   232  0001B8  6E13               	movwf	myDelayms@cant_ms^0,c
   233  0001BA  ECA7  F000         	call	_myDelayms	;wreg free
   234                           
   235                           ;main.c: 41:         PORTDbits.RD5=!PORTDbits.RD5;
   236  0001BE  AA83               	btfss	131,5,c	;volatile
   237  0001C0  EFE4  F000         	goto	u221
   238  0001C4  EFE8  F000         	goto	u220
   239  0001C8                     u221:
   240  0001C8  6A21               	clrf	??_main^0,c
   241  0001CA  2A21               	incf	??_main^0,f,c
   242  0001CC  EFE9  F000         	goto	u238
   243  0001D0                     u220:
   244  0001D0  6A21               	clrf	??_main^0,c
   245  0001D2                     u238:
   246  0001D2  3A21               	swapf	??_main^0,f,c
   247  0001D4  4621               	rlncf	??_main^0,f,c
   248  0001D6  5083               	movf	131,w,c	;volatile
   249  0001D8  1821               	xorwf	??_main^0,w,c
   250  0001DA  0BDF               	andlw	-33
   251  0001DC  1821               	xorwf	??_main^0,w,c
   252  0001DE  6E83               	movwf	131,c	;volatile
   253  0001E0  EFD9  F000         	goto	l1024
   254  0001E4  EF07  F000         	goto	start
   255  0001E8                     __end_of_main:
   256                           	opt callstack 0
   257                           
   258 ;; *************** function _myDelayms *****************
   259 ;; Defined at:
   260 ;;		line 164 in file "user.c"
   261 ;; Parameters:    Size  Location     Type
   262 ;;  cant_ms         2   18[COMRAM] unsigned short 
   263 ;; Auto vars:     Size  Location     Type
   264 ;;  tinicio         4   28[COMRAM] unsigned long 
   265 ;; Return value:  Size  Location     Type
   266 ;;                  1    wreg      void 
   267 ;; Registers used:
   268 ;;		wreg, status,2, status,0, cstack
   269 ;; Tracked objects:
   270 ;;		On entry : 0/0
   271 ;;		On exit  : 0/0
   272 ;;		Unchanged: 0/0
   273 ;; Data sizes:     COMRAM   BANK0   BANK1   BANK2   BANK3   BANK4   BANK5   BANK6   BANK7   BANK8   BANK9  BANK10  BANK1
      +1  BANK12  BANK13  BANK14  BANK15
   274 ;;      Params:         2       0       0       0       0       0       0       0       0       0       0       0       
      +0       0       0       0       0
   275 ;;      Locals:         4       0       0       0       0       0       0       0       0       0       0       0       
      +0       0       0       0       0
   276 ;;      Temps:          8       0       0       0       0       0       0       0       0       0       0       0       
      +0       0       0       0       0
   277 ;;      Totals:        14       0       0       0       0       0       0       0       0       0       0       0       
      +0       0       0       0       0
   278 ;;Total ram usage:       14 bytes
   279 ;; Hardware stack levels used:    1
   280 ;; Hardware stack levels required when called:    3
   281 ;; This function calls:
   282 ;;		_tickRead
   283 ;; This function is called by:
   284 ;;		_main
   285 ;; This function uses a non-reentrant model
   286 ;;
   287                           
   288                           	psect	text1
   289  00014E                     __ptext1:
   290                           	opt callstack 0
   291  00014E                     _myDelayms:
   292                           	opt callstack 27
   293  00014E                     
   294                           ;user.c: 165:     tick_t tinicio=tickRead();
   295  00014E  EC0B  F001         	call	_tickRead	;wreg free
   296  000152  C00B  F01D         	movff	?_tickRead,myDelayms@tinicio
   297  000156  C00C  F01E         	movff	?_tickRead+1,myDelayms@tinicio+1
   298  00015A  C00D  F01F         	movff	?_tickRead+2,myDelayms@tinicio+2
   299  00015E  C00E  F020         	movff	?_tickRead+3,myDelayms@tinicio+3
   300  000162                     l1002:
   301  000162  5013               	movf	myDelayms@cant_ms^0,w,c
   302  000164  6E15               	movwf	??_myDelayms^0,c
   303  000166  5014               	movf	(myDelayms@cant_ms+1)^0,w,c
   304  000168  6E16               	movwf	(??_myDelayms+1)^0,c
   305  00016A  6A17               	clrf	(??_myDelayms+2)^0,c
   306  00016C  6A18               	clrf	(??_myDelayms+3)^0,c
   307  00016E  EC0B  F001         	call	_tickRead	;wreg free
   308  000172  501D               	movf	myDelayms@tinicio^0,w,c
   309  000174  5C0B               	subwf	?_tickRead^0,w,c
   310  000176  6E19               	movwf	(??_myDelayms+4)^0,c
   311  000178  501E               	movf	(myDelayms@tinicio+1)^0,w,c
   312  00017A  580C               	subwfb	(?_tickRead+1)^0,w,c
   313  00017C  6E1A               	movwf	(??_myDelayms+5)^0,c
   314  00017E  501F               	movf	(myDelayms@tinicio+2)^0,w,c
   315  000180  580D               	subwfb	(?_tickRead+2)^0,w,c
   316  000182  6E1B               	movwf	(??_myDelayms+6)^0,c
   317  000184  5020               	movf	(myDelayms@tinicio+3)^0,w,c
   318  000186  580E               	subwfb	(?_tickRead+3)^0,w,c
   319  000188  6E1C               	movwf	(??_myDelayms+7)^0,c
   320  00018A  5015               	movf	??_myDelayms^0,w,c
   321  00018C  5C19               	subwf	(??_myDelayms+4)^0,w,c
   322  00018E  5016               	movf	(??_myDelayms+1)^0,w,c
   323  000190  581A               	subwfb	(??_myDelayms+5)^0,w,c
   324  000192  5017               	movf	(??_myDelayms+2)^0,w,c
   325  000194  581B               	subwfb	(??_myDelayms+6)^0,w,c
   326  000196  5018               	movf	(??_myDelayms+3)^0,w,c
   327  000198  581C               	subwfb	(??_myDelayms+7)^0,w,c
   328  00019A  A0D8               	btfss	status,0,c
   329  00019C  EFD2  F000         	goto	u181
   330  0001A0  EFD4  F000         	goto	u180
   331  0001A4                     u181:
   332  0001A4  EFB1  F000         	goto	l1002
   333  0001A8                     u180:
   334  0001A8  0012               	return		;funcret
   335  0001AA                     __end_of_myDelayms:
   336                           	opt callstack 0
   337                           
   338 ;; *************** function _tickRead *****************
   339 ;; Defined at:
   340 ;;		line 148 in file "user.c"
   341 ;; Parameters:    Size  Location     Type
   342 ;;		None
   343 ;; Auto vars:     Size  Location     Type
   344 ;;  aux             4   14[COMRAM] unsigned long 
   345 ;; Return value:  Size  Location     Type
   346 ;;                  4   10[COMRAM] unsigned long 
   347 ;; Registers used:
   348 ;;		None
   349 ;; Tracked objects:
   350 ;;		On entry : 0/0
   351 ;;		On exit  : 0/0
   352 ;;		Unchanged: 0/0
   353 ;; Data sizes:     COMRAM   BANK0   BANK1   BANK2   BANK3   BANK4   BANK5   BANK6   BANK7   BANK8   BANK9  BANK10  BANK1
      +1  BANK12  BANK13  BANK14  BANK15
   354 ;;      Params:         4       0       0       0       0       0       0       0       0       0       0       0       
      +0       0       0       0       0
   355 ;;      Locals:         4       0       0       0       0       0       0       0       0       0       0       0       
      +0       0       0       0       0
   356 ;;      Temps:          0       0       0       0       0       0       0       0       0       0       0       0       
      +0       0       0       0       0
   357 ;;      Totals:         8       0       0       0       0       0       0       0       0       0       0       0       
      +0       0       0       0       0
   358 ;;Total ram usage:        8 bytes
   359 ;; Hardware stack levels used:    1
   360 ;; Hardware stack levels required when called:    2
   361 ;; This function calls:
   362 ;;		Nothing
   363 ;; This function is called by:
   364 ;;		_myDelayms
   365 ;; This function uses a non-reentrant model
   366 ;;
   367                           
   368                           	psect	text2
   369  000216                     __ptext2:
   370                           	opt callstack 0
   371  000216                     _tickRead:
   372                           	opt callstack 27
   373  000216                     
   374                           ;user.c: 149:     tick_t aux;;user.c: 150:     GIE = 0;
   375  000216  9EF2               	bcf	4082,7,c	;volatile
   376                           
   377                           ;user.c: 151:     aux = tickCounter;
   378  000218  C022  F00F         	movff	_tickCounter,tickRead@aux	;volatile
   379  00021C  C023  F010         	movff	_tickCounter+1,tickRead@aux+1	;volatile
   380  000220  C024  F011         	movff	_tickCounter+2,tickRead@aux+2	;volatile
   381  000224  C025  F012         	movff	_tickCounter+3,tickRead@aux+3	;volatile
   382                           
   383                           ;user.c: 152:     GIE = 1;
   384  000228  8EF2               	bsf	4082,7,c	;volatile
   385                           
   386                           ;user.c: 153:     return aux;
   387  00022A  C00F  F00B         	movff	tickRead@aux,?_tickRead
   388  00022E  C010  F00C         	movff	tickRead@aux+1,?_tickRead+1
   389  000232  C011  F00D         	movff	tickRead@aux+2,?_tickRead+2
   390  000236  C012  F00E         	movff	tickRead@aux+3,?_tickRead+3
   391  00023A  0012               	return		;funcret
   392  00023C                     __end_of_tickRead:
   393                           	opt callstack 0
   394                           
   395 ;; *************** function _InitApp *****************
   396 ;; Defined at:
   397 ;;		line 17 in file "user.c"
   398 ;; Parameters:    Size  Location     Type
   399 ;;		None
   400 ;; Auto vars:     Size  Location     Type
   401 ;;		None
   402 ;; Return value:  Size  Location     Type
   403 ;;                  1    wreg      void 
   404 ;; Registers used:
   405 ;;		wreg, status,2, cstack
   406 ;; Tracked objects:
   407 ;;		On entry : 0/0
   408 ;;		On exit  : 0/0
   409 ;;		Unchanged: 0/0
   410 ;; Data sizes:     COMRAM   BANK0   BANK1   BANK2   BANK3   BANK4   BANK5   BANK6   BANK7   BANK8   BANK9  BANK10  BANK1
      +1  BANK12  BANK13  BANK14  BANK15
   411 ;;      Params:         0       0       0       0       0       0       0       0       0       0       0       0       
      +0       0       0       0       0
   412 ;;      Locals:         0       0       0       0       0       0       0       0       0       0       0       0       
      +0       0       0       0       0
   413 ;;      Temps:          0       0       0       0       0       0       0       0       0       0       0       0       
      +0       0       0       0       0
   414 ;;      Totals:         0       0       0       0       0       0       0       0       0       0       0       0       
      +0       0       0       0       0
   415 ;;Total ram usage:        0 bytes
   416 ;; Hardware stack levels used:    1
   417 ;; Hardware stack levels required when called:    3
   418 ;; This function calls:
   419 ;;		_uartConfig
   420 ;; This function is called by:
   421 ;;		_main
   422 ;; This function uses a non-reentrant model
   423 ;;
   424                           
   425                           	psect	text3
   426  0001E8                     __ptext3:
   427                           	opt callstack 0
   428  0001E8                     _InitApp:
   429                           	opt callstack 27
   430  0001E8                     
   431                           ;user.c: 20:     ADCON1 = 0x0F;
   432  0001E8  0E0F               	movlw	15
   433  0001EA  6EC1               	movwf	193,c	;volatile
   434                           
   435                           ;user.c: 21:     CMCON = 0X07;
   436  0001EC  0E07               	movlw	7
   437  0001EE  6EB4               	movwf	180,c	;volatile
   438  0001F0                     
   439                           ;user.c: 22:     nRBPU = 0;
   440  0001F0  9EF1               	bcf	4081,7,c	;volatile
   441  0001F2                     
   442                           ;user.c: 23:     TRISB = 0xFF;
   443  0001F2  6893               	setf	147,c	;volatile
   444  0001F4                     
   445                           ;user.c: 24:     uartConfig();
   446  0001F4  EC28  F001         	call	_uartConfig	;wreg free
   447  0001F8                     
   448                           ;user.c: 25:     TRISCbits.TRISC2=0;
   449  0001F8  9494               	bcf	148,2,c	;volatile
   450  0001FA                     
   451                           ;user.c: 26:     TRISDbits.TRISD5=0;
   452  0001FA  9A95               	bcf	149,5,c	;volatile
   453  0001FC                     
   454                           ;user.c: 27:     TRISDbits.TRISD6=0;
   455  0001FC  9C95               	bcf	149,6,c	;volatile
   456  0001FE                     
   457                           ;user.c: 28:     TRISDbits.TRISD7=1;
   458  0001FE  8E95               	bsf	149,7,c	;volatile
   459  000200                     
   460                           ;user.c: 29:     pwm_aux=0;
   461  000200  0E00               	movlw	0
   462  000202  6E26               	movwf	_pwm_aux^0,c	;volatile
   463  000204                     
   464                           ;user.c: 34:     T0CS = 0;
   465  000204  9AD5               	bcf	4053,5,c	;volatile
   466  000206                     
   467                           ;user.c: 35:     PSA = 0;
   468  000206  96D5               	bcf	4053,3,c	;volatile
   469  000208                     
   470                           ;user.c: 37:     T0PS0=0;
   471  000208  90D5               	bcf	4053,0,c	;volatile
   472  00020A                     
   473                           ;user.c: 38:     T0PS1=0;
   474  00020A  92D5               	bcf	4053,1,c	;volatile
   475  00020C                     
   476                           ;user.c: 39:     T0PS2=1;
   477  00020C  84D5               	bsf	4053,2,c	;volatile
   478  00020E                     
   479                           ;user.c: 48:     TMR0IE = 1;
   480  00020E  8AF2               	bsf	4082,5,c	;volatile
   481  000210                     
   482                           ;user.c: 50:     PEIE = 1;
   483  000210  8CF2               	bsf	4082,6,c	;volatile
   484  000212                     
   485                           ;user.c: 51:     GIE = 1;
   486  000212  8EF2               	bsf	4082,7,c	;volatile
   487  000214  0012               	return		;funcret
   488  000216                     __end_of_InitApp:
   489                           	opt callstack 0
   490                           
   491 ;; *************** function _uartConfig *****************
   492 ;; Defined at:
   493 ;;		line 63 in file "user.c"
   494 ;; Parameters:    Size  Location     Type
   495 ;;		None
   496 ;; Auto vars:     Size  Location     Type
   497 ;;		None
   498 ;; Return value:  Size  Location     Type
   499 ;;                  1    wreg      void 
   500 ;; Registers used:
   501 ;;		wreg, status,2
   502 ;; Tracked objects:
   503 ;;		On entry : 0/0
   504 ;;		On exit  : 0/0
   505 ;;		Unchanged: 0/0
   506 ;; Data sizes:     COMRAM   BANK0   BANK1   BANK2   BANK3   BANK4   BANK5   BANK6   BANK7   BANK8   BANK9  BANK10  BANK1
      +1  BANK12  BANK13  BANK14  BANK15
   507 ;;      Params:         0       0       0       0       0       0       0       0       0       0       0       0       
      +0       0       0       0       0
   508 ;;      Locals:         0       0       0       0       0       0       0       0       0       0       0       0       
      +0       0       0       0       0
   509 ;;      Temps:          0       0       0       0       0       0       0       0       0       0       0       0       
      +0       0       0       0       0
   510 ;;      Totals:         0       0       0       0       0       0       0       0       0       0       0       0       
      +0       0       0       0       0
   511 ;;Total ram usage:        0 bytes
   512 ;; Hardware stack levels used:    1
   513 ;; Hardware stack levels required when called:    2
   514 ;; This function calls:
   515 ;;		Nothing
   516 ;; This function is called by:
   517 ;;		_InitApp
   518 ;; This function uses a non-reentrant model
   519 ;;
   520                           
   521                           	psect	text4
   522  000250                     __ptext4:
   523                           	opt callstack 0
   524  000250                     _uartConfig:
   525                           	opt callstack 27
   526  000250                     
   527                           ;user.c: 71:     SPBRG = (32000000L - 9600 * 16L) / (9600 * 16L);
   528  000250  0ECF               	movlw	207
   529  000252  6EAF               	movwf	175,c	;volatile
   530  000254                     
   531                           ;user.c: 72:     BRGH = 1;
   532  000254  84AC               	bsf	4012,2,c	;volatile
   533  000256                     
   534                           ;user.c: 74:     SYNC = 0;
   535  000256  98AC               	bcf	4012,4,c	;volatile
   536  000258                     
   537                           ;user.c: 75:     SPEN = 1;
   538  000258  8EAB               	bsf	4011,7,c	;volatile
   539  00025A                     
   540                           ;user.c: 76:     TRISC7 = 1;
   541  00025A  8E94               	bsf	3988,7,c	;volatile
   542  00025C                     
   543                           ;user.c: 77:     TRISC6 = 1;
   544  00025C  8C94               	bsf	3988,6,c	;volatile
   545  00025E                     
   546                           ;user.c: 78:     CREN = 1;
   547  00025E  88AB               	bsf	4011,4,c	;volatile
   548  000260                     
   549                           ;user.c: 79:     TXEN = 1;
   550  000260  8AAC               	bsf	4012,5,c	;volatile
   551  000262  0012               	return		;funcret
   552  000264                     __end_of_uartConfig:
   553                           	opt callstack 0
   554                           
   555 ;; *************** function _isr *****************
   556 ;; Defined at:
   557 ;;		line 12 in file "interrupts.c"
   558 ;; Parameters:    Size  Location     Type
   559 ;;		None
   560 ;; Auto vars:     Size  Location     Type
   561 ;;		None
   562 ;; Return value:  Size  Location     Type
   563 ;;                  1    wreg      void 
   564 ;; Registers used:
   565 ;;		wreg, status,2, status,0, cstack
   566 ;; Tracked objects:
   567 ;;		On entry : 0/0
   568 ;;		On exit  : 0/0
   569 ;;		Unchanged: 0/0
   570 ;; Data sizes:     COMRAM   BANK0   BANK1   BANK2   BANK3   BANK4   BANK5   BANK6   BANK7   BANK8   BANK9  BANK10  BANK1
      +1  BANK12  BANK13  BANK14  BANK15
   571 ;;      Params:         0       0       0       0       0       0       0       0       0       0       0       0       
      +0       0       0       0       0
   572 ;;      Locals:         0       0       0       0       0       0       0       0       0       0       0       0       
      +0       0       0       0       0
   573 ;;      Temps:          1       0       0       0       0       0       0       0       0       0       0       0       
      +0       0       0       0       0
   574 ;;      Totals:         1       0       0       0       0       0       0       0       0       0       0       0       
      +0       0       0       0       0
   575 ;;Total ram usage:        1 bytes
   576 ;; Hardware stack levels used:    1
   577 ;; Hardware stack levels required when called:    1
   578 ;; This function calls:
   579 ;;		___llmod
   580 ;; This function is called by:
   581 ;;		Interrupt level 2
   582 ;; This function uses a non-reentrant model
   583 ;;
   584                           
   585                           	psect	intcode
   586  000008                     __pintcode:
   587                           	opt callstack 0
   588  000008                     _isr:
   589                           	opt callstack 27
   590                           
   591                           ;incstack = 0
   592  000008  8228               	bsf	int$flags,1,c	;set compiler interrupt flag (level 2)
   593  00000A  ED09  F000         	call	int_func,f	;refresh shadow registers
   594                           
   595                           	psect	intcode_body
   596  000012                     __pintcode_body:
   597                           	opt callstack 27
   598  000012                     int_func:
   599                           	opt callstack 27
   600  000012  0006               	pop		; remove dummy address from shadow register refresh
   601  000014                     
   602                           ;interrupts.c: 19:     if (TMR0IF) {
   603  000014  A4F2               	btfss	4082,2,c	;volatile
   604  000016  EF0F  F000         	goto	i2u24_41
   605  00001A  EF11  F000         	goto	i2u24_40
   606  00001E                     i2u24_41:
   607  00001E  EF61  F000         	goto	i2l148
   608  000022                     i2u24_40:
   609  000022                     
   610                           ;interrupts.c: 20:         TMR0IF = 0;
   611  000022  94F2               	bcf	4082,2,c	;volatile
   612  000024                     
   613                           ;interrupts.c: 21:         TMR0 += 7;
   614  000024  0E07               	movlw	7
   615  000026  26D6               	addwf	214,f,c	;volatile
   616  000028  0E00               	movlw	0
   617  00002A  22D7               	addwfc	215,f,c	;volatile
   618                           
   619                           ;interrupts.c: 22:         tickCounter++;
   620  00002C  0E01               	movlw	1
   621  00002E  2622               	addwf	_tickCounter^0,f,c	;volatile
   622  000030  0E00               	movlw	0
   623  000032  2223               	addwfc	(_tickCounter+1)^0,f,c	;volatile
   624  000034  2224               	addwfc	(_tickCounter+2)^0,f,c	;volatile
   625  000036  2225               	addwfc	(_tickCounter+3)^0,f,c	;volatile
   626  000038                     
   627                           ;interrupts.c: 24:         if(pwm_aux!=0){
   628  000038  5026               	movf	_pwm_aux^0,w,c	;volatile
   629  00003A  B4D8               	btfsc	status,2,c
   630  00003C  EF22  F000         	goto	i2u25_41
   631  000040  EF24  F000         	goto	i2u25_40
   632  000044                     i2u25_41:
   633  000044  EF29  F000         	goto	i2l145
   634  000048                     i2u25_40:
   635  000048                     
   636                           ;interrupts.c: 25:             pwm_aux--;
   637  000048  0626               	decf	_pwm_aux^0,f,c	;volatile
   638  00004A                     
   639                           ;interrupts.c: 26:             PORTCbits.RC2=1;
   640  00004A  8482               	bsf	130,2,c	;volatile
   641  00004C                     
   642                           ;interrupts.c: 27:             PORTDbits.RD6=0;
   643  00004C  9C83               	bcf	131,6,c	;volatile
   644                           
   645                           ;interrupts.c: 28:         }
   646  00004E  EF2B  F000         	goto	i2l1040
   647  000052                     i2l145:
   648                           
   649                           ;interrupts.c: 30:             PORTCbits.RC2=0;
   650  000052  9482               	bcf	130,2,c	;volatile
   651                           
   652                           ;interrupts.c: 31:             PORTDbits.RD6=1;
   653  000054  8C83               	bsf	131,6,c	;volatile
   654  000056                     i2l1040:
   655                           
   656                           ;interrupts.c: 33:         if(tickCounter%20==0){
   657  000056  C022  F001         	movff	_tickCounter,___llmod@dividend	;volatile
   658  00005A  C023  F002         	movff	_tickCounter+1,___llmod@dividend+1	;volatile
   659  00005E  C024  F003         	movff	_tickCounter+2,___llmod@dividend+2	;volatile
   660  000062  C025  F004         	movff	_tickCounter+3,___llmod@dividend+3	;volatile
   661  000066  0E14               	movlw	20
   662  000068  6E05               	movwf	___llmod@divisor^0,c
   663  00006A  0E00               	movlw	0
   664  00006C  6E06               	movwf	(___llmod@divisor+1)^0,c
   665  00006E  0E00               	movlw	0
   666  000070  6E07               	movwf	(___llmod@divisor+2)^0,c
   667  000072  0E00               	movlw	0
   668  000074  6E08               	movwf	(___llmod@divisor+3)^0,c
   669  000076  EC63  F000         	call	___llmod	;wreg free
   670  00007A  5001               	movf	?___llmod^0,w,c
   671  00007C  1002               	iorwf	(?___llmod+1)^0,w,c
   672  00007E  1003               	iorwf	(?___llmod+2)^0,w,c
   673  000080  1004               	iorwf	(?___llmod+3)^0,w,c
   674  000082  A4D8               	btfss	status,2,c
   675  000084  EF46  F000         	goto	i2u26_41
   676  000088  EF48  F000         	goto	i2u26_40
   677  00008C                     i2u26_41:
   678  00008C  EF61  F000         	goto	i2l148
   679  000090                     i2u26_40:
   680  000090                     
   681                           ;interrupts.c: 34:             pwm_aux=pwm_manual;
   682  000090  C027  F026         	movff	_pwm_manual,_pwm_aux	;volatile
   683                           
   684                           ;interrupts.c: 35:             PORTCbits.RC2=pwm_manual;
   685  000094  B027               	btfsc	_pwm_manual^0,0,c	;volatile
   686  000096  D002               	bra	i2u27_45
   687  000098  9482               	bcf	130,2,c	;volatile
   688  00009A  D001               	bra	i2u27_46
   689  00009C                     i2u27_45:
   690  00009C  8482               	bsf	130,2,c	;volatile
   691  00009E                     i2u27_46:
   692  00009E                     
   693                           ;interrupts.c: 36:             PORTDbits.RD6=!PORTCbits.RC2;
   694  00009E  A482               	btfss	130,2,c	;volatile
   695  0000A0  EF54  F000         	goto	i2u28_41
   696  0000A4  EF58  F000         	goto	i2u28_40
   697  0000A8                     i2u28_41:
   698  0000A8  6A0A               	clrf	??_isr^0,c
   699  0000AA  2A0A               	incf	??_isr^0,f,c
   700  0000AC  EF59  F000         	goto	i2u29_48
   701  0000B0                     i2u28_40:
   702  0000B0  6A0A               	clrf	??_isr^0,c
   703  0000B2                     i2u29_48:
   704  0000B2  3A0A               	swapf	??_isr^0,f,c
   705  0000B4  460A               	rlncf	??_isr^0,f,c
   706  0000B6  460A               	rlncf	??_isr^0,f,c
   707  0000B8  5083               	movf	131,w,c	;volatile
   708  0000BA  180A               	xorwf	??_isr^0,w,c
   709  0000BC  0BBF               	andlw	-65
   710  0000BE  180A               	xorwf	??_isr^0,w,c
   711  0000C0  6E83               	movwf	131,c	;volatile
   712  0000C2                     i2l148:
   713  0000C2  9228               	bcf	int$flags,1,c	;clear compiler interrupt flag (level 2)
   714  0000C4  0011               	retfie		f
   715  0000C6                     __end_of_isr:
   716                           	opt callstack 0
   717                           
   718 ;; *************** function ___llmod *****************
   719 ;; Defined at:
   720 ;;		line 7 in file "C:\Program Files (x86)\Microchip\xc8\v2.10\pic\sources\c99\common\llmod.c"
   721 ;; Parameters:    Size  Location     Type
   722 ;;  dividend        4    0[COMRAM] unsigned long 
   723 ;;  divisor         4    4[COMRAM] unsigned long 
   724 ;; Auto vars:     Size  Location     Type
   725 ;;  counter         1    8[COMRAM] unsigned char 
   726 ;; Return value:  Size  Location     Type
   727 ;;                  4    0[COMRAM] unsigned long 
   728 ;; Registers used:
   729 ;;		wreg, status,2, status,0
   730 ;; Tracked objects:
   731 ;;		On entry : 0/0
   732 ;;		On exit  : 0/0
   733 ;;		Unchanged: 0/0
   734 ;; Data sizes:     COMRAM   BANK0   BANK1   BANK2   BANK3   BANK4   BANK5   BANK6   BANK7   BANK8   BANK9  BANK10  BANK1
      +1  BANK12  BANK13  BANK14  BANK15
   735 ;;      Params:         8       0       0       0       0       0       0       0       0       0       0       0       
      +0       0       0       0       0
   736 ;;      Locals:         1       0       0       0       0       0       0       0       0       0       0       0       
      +0       0       0       0       0
   737 ;;      Temps:          0       0       0       0       0       0       0       0       0       0       0       0       
      +0       0       0       0       0
   738 ;;      Totals:         9       0       0       0       0       0       0       0       0       0       0       0       
      +0       0       0       0       0
   739 ;;Total ram usage:        9 bytes
   740 ;; Hardware stack levels used:    1
   741 ;; This function calls:
   742 ;;		Nothing
   743 ;; This function is called by:
   744 ;;		_isr
   745 ;; This function uses a non-reentrant model
   746 ;;
   747                           
   748                           	psect	text6
   749  0000C6                     __ptext6:
   750                           	opt callstack 0
   751  0000C6                     ___llmod:
   752                           	opt callstack 27
   753  0000C6  5005               	movf	___llmod@divisor^0,w,c
   754  0000C8  1006               	iorwf	(___llmod@divisor+1)^0,w,c
   755  0000CA  1007               	iorwf	(___llmod@divisor+2)^0,w,c
   756  0000CC  1008               	iorwf	(___llmod@divisor+3)^0,w,c
   757  0000CE  B4D8               	btfsc	status,2,c
   758  0000D0  EF6C  F000         	goto	i2u19_41
   759  0000D4  EF6E  F000         	goto	i2u19_40
   760  0000D8                     i2u19_41:
   761  0000D8  EF9E  F000         	goto	i2l571
   762  0000DC                     i2u19_40:
   763  0000DC  0E01               	movlw	1
   764  0000DE  6E09               	movwf	___llmod@counter^0,c
   765  0000E0  EF78  F000         	goto	i2l1010
   766  0000E4                     i2l1008:
   767  0000E4  90D8               	bcf	status,0,c
   768  0000E6  3605               	rlcf	___llmod@divisor^0,f,c
   769  0000E8  3606               	rlcf	(___llmod@divisor+1)^0,f,c
   770  0000EA  3607               	rlcf	(___llmod@divisor+2)^0,f,c
   771  0000EC  3608               	rlcf	(___llmod@divisor+3)^0,f,c
   772  0000EE  2A09               	incf	___llmod@counter^0,f,c
   773  0000F0                     i2l1010:
   774  0000F0  AE08               	btfss	(___llmod@divisor+3)^0,7,c
   775  0000F2  EF7D  F000         	goto	i2u20_41
   776  0000F6  EF7F  F000         	goto	i2u20_40
   777  0000FA                     i2u20_41:
   778  0000FA  EF72  F000         	goto	i2l1008
   779  0000FE                     i2u20_40:
   780  0000FE                     i2l1012:
   781  0000FE  5005               	movf	___llmod@divisor^0,w,c
   782  000100  5C01               	subwf	___llmod@dividend^0,w,c
   783  000102  5006               	movf	(___llmod@divisor+1)^0,w,c
   784  000104  5802               	subwfb	(___llmod@dividend+1)^0,w,c
   785  000106  5007               	movf	(___llmod@divisor+2)^0,w,c
   786  000108  5803               	subwfb	(___llmod@dividend+2)^0,w,c
   787  00010A  5008               	movf	(___llmod@divisor+3)^0,w,c
   788  00010C  5804               	subwfb	(___llmod@dividend+3)^0,w,c
   789  00010E  A0D8               	btfss	status,0,c
   790  000110  EF8C  F000         	goto	i2u21_41
   791  000114  EF8E  F000         	goto	i2u21_40
   792  000118                     i2u21_41:
   793  000118  EF96  F000         	goto	i2l1016
   794  00011C                     i2u21_40:
   795  00011C  5005               	movf	___llmod@divisor^0,w,c
   796  00011E  5E01               	subwf	___llmod@dividend^0,f,c
   797  000120  5006               	movf	(___llmod@divisor+1)^0,w,c
   798  000122  5A02               	subwfb	(___llmod@dividend+1)^0,f,c
   799  000124  5007               	movf	(___llmod@divisor+2)^0,w,c
   800  000126  5A03               	subwfb	(___llmod@dividend+2)^0,f,c
   801  000128  5008               	movf	(___llmod@divisor+3)^0,w,c
   802  00012A  5A04               	subwfb	(___llmod@dividend+3)^0,f,c
   803  00012C                     i2l1016:
   804  00012C  90D8               	bcf	status,0,c
   805  00012E  3208               	rrcf	(___llmod@divisor+3)^0,f,c
   806  000130  3207               	rrcf	(___llmod@divisor+2)^0,f,c
   807  000132  3206               	rrcf	(___llmod@divisor+1)^0,f,c
   808  000134  3205               	rrcf	___llmod@divisor^0,f,c
   809  000136  2E09               	decfsz	___llmod@counter^0,f,c
   810  000138  EF7F  F000         	goto	i2l1012
   811  00013C                     i2l571:
   812  00013C  C001  F001         	movff	___llmod@dividend,?___llmod
   813  000140  C002  F002         	movff	___llmod@dividend+1,?___llmod+1
   814  000144  C003  F003         	movff	___llmod@dividend+2,?___llmod+2
   815  000148  C004  F004         	movff	___llmod@dividend+3,?___llmod+3
   816  00014C  0012               	return		;funcret
   817  00014E                     __end_of___llmod:
   818                           	opt callstack 0
   819  0000                     
   820                           	psect	rparam
   821  0000                     
   822                           	psect	temp
   823  000028                     btemp:
   824                           	opt callstack 0
   825  000028                     	ds	1
   826  0000                     int$flags	set	btemp
   827  0000                     wtemp8	set	btemp+1
   828  0000                     ttemp5	set	btemp+1
   829  0000                     ttemp6	set	btemp+4
   830  0000                     ttemp7	set	btemp+8
   831                           tosu	equ	0xFFF
   832                           tosh	equ	0xFFE
   833                           tosl	equ	0xFFD
   834                           stkptr	equ	0xFFC
   835                           pclatu	equ	0xFFB
   836                           pclath	equ	0xFFA
   837                           pcl	equ	0xFF9
   838                           tblptru	equ	0xFF8
   839                           tblptrh	equ	0xFF7
   840                           tblptrl	equ	0xFF6
   841                           tablat	equ	0xFF5
   842                           prodh	equ	0xFF4
   843                           prodl	equ	0xFF3
   844                           indf0	equ	0xFEF
   845                           postinc0	equ	0xFEE
   846                           postdec0	equ	0xFED
   847                           preinc0	equ	0xFEC
   848                           plusw0	equ	0xFEB
   849                           fsr0h	equ	0xFEA
   850                           fsr0l	equ	0xFE9
   851                           wreg	equ	0xFE8
   852                           indf1	equ	0xFE7
   853                           postinc1	equ	0xFE6
   854                           postdec1	equ	0xFE5
   855                           preinc1	equ	0xFE4
   856                           plusw1	equ	0xFE3
   857                           fsr1h	equ	0xFE2
   858                           fsr1l	equ	0xFE1
   859                           bsr	equ	0xFE0
   860                           indf2	equ	0xFDF
   861                           postinc2	equ	0xFDE
   862                           postdec2	equ	0xFDD
   863                           preinc2	equ	0xFDC
   864                           plusw2	equ	0xFDB
   865                           fsr2h	equ	0xFDA
   866                           fsr2l	equ	0xFD9
   867                           status	equ	0xFD8


Data Sizes:
    Strings     0
    Constant    0
    Data        0
    BSS         5
    Persistent  1
    Stack       0

Auto Spaces:
    Space          Size  Autos    Used
    COMRAM          126     33      39
    BANK0           128      0       0
    BANK1           256      0       0
    BANK2           256      0       0
    BANK3           256      0       0
    BANK4           256      0       0
    BANK5           256      0       0
    BANK6           256      0       0
    BANK7           256      0       0
    BANK8           256      0       0
    BANK9           256      0       0
    BANK10          256      0       0
    BANK11          256      0       0
    BANK12          256      0       0
    BANK13          256      0       0
    BANK14          256      0       0
    BANK15          128      0       0

Pointer List with Targets:

    None.

Critical Paths under _main in COMRAM

    _main->_myDelayms
    _myDelayms->_tickRead

Critical Paths under _isr in COMRAM

    _isr->___llmod

Critical Paths under _main in BANK0

    None.

Critical Paths under _isr in BANK0

    None.

Critical Paths under _main in BANK1

    None.

Critical Paths under _isr in BANK1

    None.

Critical Paths under _main in BANK2

    None.

Critical Paths under _isr in BANK2

    None.

Critical Paths under _main in BANK3

    None.

Critical Paths under _isr in BANK3

    None.

Critical Paths under _main in BANK4

    None.

Critical Paths under _isr in BANK4

    None.

Critical Paths under _main in BANK5

    None.

Critical Paths under _isr in BANK5

    None.

Critical Paths under _main in BANK6

    None.

Critical Paths under _isr in BANK6

    None.

Critical Paths under _main in BANK7

    None.

Critical Paths under _isr in BANK7

    None.

Critical Paths under _main in BANK8

    None.

Critical Paths under _isr in BANK8

    None.

Critical Paths under _main in BANK9

    None.

Critical Paths under _isr in BANK9

    None.

Critical Paths under _main in BANK10

    None.

Critical Paths under _isr in BANK10

    None.

Critical Paths under _main in BANK11

    None.

Critical Paths under _isr in BANK11

    None.

Critical Paths under _main in BANK12

    None.

Critical Paths under _isr in BANK12

    None.

Critical Paths under _main in BANK13

    None.

Critical Paths under _isr in BANK13

    None.

Critical Paths under _main in BANK14

    None.

Critical Paths under _isr in BANK14

    None.

Critical Paths under _main in BANK15

    None.

Critical Paths under _isr in BANK15

    None.

Call Graph Tables:

 ---------------------------------------------------------------------------------
 (Depth) Function   	        Calls       Base Space   Used Autos Params    Refs
 ---------------------------------------------------------------------------------
 (0) _main                                                 1     1      0     144
                                             32 COMRAM     1     1      0
                            _InitApp
                          _myDelayms
 ---------------------------------------------------------------------------------
 (1) _myDelayms                                           14    12      2     144
                                             18 COMRAM    14    12      2
                           _tickRead
 ---------------------------------------------------------------------------------
 (2) _tickRead                                             8     4      4      23
                                             10 COMRAM     8     4      4
 ---------------------------------------------------------------------------------
 (1) _InitApp                                              0     0      0       0
                         _uartConfig
 ---------------------------------------------------------------------------------
 (2) _uartConfig                                           0     0      0       0
 ---------------------------------------------------------------------------------
 Estimated maximum stack depth 2
 ---------------------------------------------------------------------------------
 (Depth) Function   	        Calls       Base Space   Used Autos Params    Refs
 ---------------------------------------------------------------------------------
 (3) _isr                                                  1     1      0     311
                                              9 COMRAM     1     1      0
                            ___llmod
 ---------------------------------------------------------------------------------
 (4) ___llmod                                              9     1      8     311
                                              0 COMRAM     9     1      8
 ---------------------------------------------------------------------------------
 Estimated maximum stack depth 4
 ---------------------------------------------------------------------------------

 Call Graph Graphs:

 _main (ROOT)
   _InitApp
     _uartConfig
   _myDelayms
     _tickRead

 _isr (ROOT)
   ___llmod

 Address spaces:
Name               Size   Autos  Total    Cost      Usage
BIGRAM             F7F      0       0      37        0.0%
EEDATA             400      0       0       0        0.0%
BITBANK14          100      0       0      32        0.0%
BANK14             100      0       0      33        0.0%
BITBANK13          100      0       0      30        0.0%
BANK13             100      0       0      31        0.0%
BITBANK12          100      0       0      28        0.0%
BANK12             100      0       0      29        0.0%
BITBANK11          100      0       0      26        0.0%
BANK11             100      0       0      27        0.0%
BITBANK10          100      0       0      24        0.0%
BANK10             100      0       0      25        0.0%
BITBANK9           100      0       0      22        0.0%
BANK9              100      0       0      23        0.0%
BITBANK8           100      0       0      20        0.0%
BANK8              100      0       0      21        0.0%
BITBANK7           100      0       0      18        0.0%
BANK7              100      0       0      19        0.0%
BITBANK6           100      0       0      16        0.0%
BANK6              100      0       0      17        0.0%
BITBANK5           100      0       0      14        0.0%
BANK5              100      0       0      15        0.0%
BITBANK4           100      0       0      12        0.0%
BANK4              100      0       0      13        0.0%
BITBANK3           100      0       0      10        0.0%
BANK3              100      0       0      11        0.0%
BITBANK2           100      0       0       8        0.0%
BANK2              100      0       0       9        0.0%
BITBANK1           100      0       0       6        0.0%
BANK1              100      0       0       7        0.0%
BITBANK15           80      0       0      35        0.0%
BANK15              80      0       0      36        0.0%
BITBANK0            80      0       0       4        0.0%
BANK0               80      0       0       5        0.0%
BITCOMRAM           7E      0       0       0        0.0%
COMRAM              7E     21      27       1       31.0%
BITSFR               0      0       0     200        0.0%
SFR                  0      0       0     200        0.0%
STACK                0      0       0       2        0.0%
NULL                 0      0       0       0        0.0%
ABS                  0      0      27      34        0.0%
DATA                 0      0      27       3        0.0%
CODE                 0      0       0       0        0.0%


Microchip Technology PIC18 Macro Assembler V2.10 build 88905656 
Symbol Table                                                                                   Mon Feb 17 20:08:37 2020

                     l82 0262                       l79 0214              __CFG_BORV$3 000000  
           __CFG_CP0$OFF 000000             __CFG_CP1$OFF 000000             __CFG_CP2$OFF 000000  
           __CFG_CP3$OFF 000000                      l116 023A                      l125 01A8  
                    l950 0254                      l960 025E                      l952 0256  
                    l962 0260                      l954 0258                      l970 01F2  
                    l956 025A                      l948 0250                      l980 01FE  
                    l972 01F4                      l964 0216                      l958 025C  
                    l990 020A                      l982 0200                      l974 01F8  
                    l966 01E8                      l992 020C                      l984 0204  
                    l976 01FA                      l968 01F0                      l994 020E  
                    l986 0206                      l978 01FC                      _GIE 007F97  
                    l996 0210                      l988 0208                      l998 0212  
           __CFG_CPB$OFF 000000                      u220 01D0                      u221 01C8  
                    u180 01A8                      u181 01A4                      u238 01D2  
           __CFG_CPD$OFF 000000                      _PSA 007EAB                      _isr 0008  
           __CFG_LVP$OFF 000000             __CFG_WDT$OFF 000000                     l1000 014E  
                   l1002 0162                     l1020 01AA                     l1022 01AE  
                   l1024 01B2                     ?_isr 0001                     _BRGH 007D62  
                   _CREN 007D5C                     _T0CS 007EAD                     _PEIE 007F96  
                   _RCIF 007CF5                     _TMR0 000FD6                     _SPEN 007D5F  
                   _TXEN 007D65                     _TXIF 007CF4                     _SYNC 007D64  
                   _main 01AA                     btemp 0028                     start 000E  
          __CFG_IESO$OFF 000000             ___param_bank 000000          __end_of_InitApp 0216  
                  ??_isr 000A                    ?_main 0001                    _CMCON 000FB4  
        __end_of___llmod 014E                    _T0PS0 007EA8                    _T0PS1 007EA9  
                  _T0PS2 007EAA                    i2l145 0052                    i2l148 00C2  
                  i2l571 013C                    i2l578 014C                    _RCREG 000FAE  
                  _SPBRG 000FAF                    _TRISB 000F93                    _TXREG 000FAD  
          __CFG_PWRT$OFF 000000            __CFG_WRT0$OFF 000000            __CFG_WRT1$OFF 000000  
          __CFG_WRT2$OFF 000000            __CFG_WRT3$OFF 000000           __CFG_EBTR0$OFF 000000  
         __CFG_FCMEN$OFF 000000           __CFG_EBTR1$OFF 000000           __CFG_EBTR2$OFF 000000  
         __CFG_EBTR3$OFF 000000                    _nRBPU 007F8F            __CFG_WRTB$OFF 000000  
          __CFG_WRTC$OFF 000000            __CFG_WRTD$OFF 000000           __CFG_EBTRB$OFF 000000  
         __CFG_BOREN$OFF 000000                    ttemp5 0029                    ttemp6 002C  
                  ttemp7 0030                    status 000FD8                    wtemp8 0029  
       myDelayms@cant_ms 0013           __CFG_MCLRE$OFF 000000          __initialization 023C  
           __end_of_main 01E8           __CFG_OSC$HSPLL 000000         myDelayms@tinicio 001D  
                 ??_main 0021            __activetblptr 000000                   _ADCON1 000FC1  
       ___llmod@dividend 0001                   i2l1010 00F0                   i2l1012 00FE  
                 i2l1004 00C6                   i2l1014 011C                   i2l1006 00DC  
                 i2l1030 0024                   i2l1016 012C                   i2l1008 00E4  
                 i2l1040 0056                   i2l1032 0038                   i2l1018 0136  
                 i2l1042 0090                   i2l1034 0048                   i2l1026 0014  
                 i2l1044 009E                   i2l1036 004A                   i2l1028 0022  
                 i2l1038 004C                   _TMR0IE 007F95                   _TMR0IF 007F92  
                 _TRISC6 007CA6                   _TRISC7 007CA7                ??_InitApp 000B  
         __CFG_XINST$OFF 000000                ??___llmod 0009         __end_of_tickRead 023C  
             __accesstop 0080  __end_of__initialization 0246          __CFG_PBADEN$OFF 000000  
          ___rparam_used 000001           __pcstackCOMRAM 0001               __pnvCOMRAM 0027  
     __size_of_myDelayms 005C                  i2u20_40 00FE                  i2u20_41 00FA  
                i2u21_40 011C                  i2u21_41 0118                  i2u24_40 0022  
                i2u24_41 001E                  i2u25_40 0048                  i2u25_41 0044  
                i2u26_40 0090                  i2u26_41 008C                  i2u19_40 00DC  
                i2u19_41 00D8                  i2u27_45 009C                  i2u27_46 009E  
                i2u28_40 00B0                  i2u28_41 00A8                  i2u29_48 00B2  
            tickRead@aux 000F                  _InitApp 01E8                  __Hparam 0000  
              ?_tickRead 000B                  __Lparam 0000                  ___llmod 00C6  
        __CFG_STVREN$OFF 000000                  __pcinit 023C                  __ramtop 1000  
                __ptext0 01AA                  __ptext1 014E                  __ptext2 0216  
                __ptext3 01E8                  __ptext4 0250                  __ptext6 00C6  
      __end_of_myDelayms 01AA             __size_of_isr 00BE                  _pwm_aux 0026  
         __pintcode_body 0012     end_of_initialization 0246                  int_func 0012  
             ??_tickRead 000F               _uartConfig 0250                _PORTCbits 000F82  
              _PORTDbits 000F83                _TRISCbits 000F94                _TRISDbits 000F95  
             _pwm_manual 0027      start_initialization 023C              __end_of_isr 00C6  
        ___llmod@divisor 0005          ___llmod@counter 0009              ?_uartConfig 0001  
       __CFG_LPT1OSC$OFF 000000              __pbssCOMRAM 0022                 ?_InitApp 0001  
      __CFG_CCP2MX$PORTC 000000                __pintcode 0008        __size_of_tickRead 0026  
               ?___llmod 0001                _myDelayms 014E      __size_of_uartConfig 0014  
       __CFG_WDTPS$32768 000000               ?_myDelayms 0013         __size_of_InitApp 002E  
               __Hrparam 0000                 __Lrparam 0000         __size_of___llmod 0088  
          __size_of_main 003E                 _tickRead 0216             ??_uartConfig 000B  
               int$flags 0028              ??_myDelayms 0015              _tickCounter 0022  
     __end_of_uartConfig 0264                 intlevel2 0000  
